<?xml version="1.0" encoding="UTF-8"?>
<testsuite name="com.econsult.health.HealthDataApplicationTests" tests="1" skipped="0" failures="0" errors="0" timestamp="2023-07-07T19:27:59" hostname="macpros-MacBook-Pro.local" time="1.976">
  <properties/>
  <testcase name="contextLoads()" classname="com.econsult.health.HealthDataApplicationTests" time="1.976"/>
  <system-out><![CDATA[21:27:54.552 [Test worker] INFO org.springframework.test.context.support.AnnotationConfigContextLoaderUtils -- Could not detect default configuration classes for test class [com.econsult.health.HealthDataApplicationTests]: HealthDataApplicationTests does not declare any static, non-private, non-final, nested classes annotated with @Configuration.
21:27:54.683 [Test worker] INFO org.springframework.boot.test.context.SpringBootTestContextBootstrapper -- Found @SpringBootConfiguration com.econsult.health.HealthDataApplication for test class com.econsult.health.HealthDataApplicationTests

  .   ____          _            __ _ _
 /\\ / ___'_ __ _ _(_)_ __  __ _ \ \ \ \
( ( )\___ | '_ | '_| | '_ \/ _` | \ \ \ \
 \\/  ___)| |_)| | | | | || (_| |  ) ) ) )
  '  |____| .__|_| |_|_| |_\__, | / / / /
 =========|_|==============|___/=/_/_/_/
 :: Spring Boot ::                (v3.1.1)

2023-07-07T21:27:55.221+02:00  INFO 28613 --- [    Test worker] c.e.health.HealthDataApplicationTests    : Starting HealthDataApplicationTests using Java 17.0.7 with PID 28613 (started by macpro in /Users/macpro/Documents/java/health_data)
2023-07-07T21:27:55.223+02:00  INFO 28613 --- [    Test worker] c.e.health.HealthDataApplicationTests    : No active profile set, falling back to 1 default profile: "default"
2023-07-07T21:27:56.226+02:00  INFO 28613 --- [    Test worker] .s.d.r.c.RepositoryConfigurationDelegate : Bootstrapping Spring Data JPA repositories in DEFAULT mode.
2023-07-07T21:27:56.378+02:00  INFO 28613 --- [    Test worker] .s.d.r.c.RepositoryConfigurationDelegate : Finished Spring Data repository scanning in 138 ms. Found 2 JPA repository interfaces.
2023-07-07T21:27:56.913+02:00  INFO 28613 --- [    Test worker] com.zaxxer.hikari.HikariDataSource       : HikariPool-1 - Starting...
2023-07-07T21:27:57.079+02:00  INFO 28613 --- [    Test worker] com.zaxxer.hikari.pool.HikariPool        : HikariPool-1 - Added connection conn0: url=jdbc:h2:mem:03a1c0ea-dda2-4d1e-9e3e-424fff92a111 user=SA
2023-07-07T21:27:57.081+02:00  INFO 28613 --- [    Test worker] com.zaxxer.hikari.HikariDataSource       : HikariPool-1 - Start completed.
2023-07-07T21:27:57.154+02:00  INFO 28613 --- [    Test worker] o.hibernate.jpa.internal.util.LogHelper  : HHH000204: Processing PersistenceUnitInfo [name: default]
2023-07-07T21:27:57.216+02:00  INFO 28613 --- [    Test worker] org.hibernate.Version                    : HHH000412: Hibernate ORM core version 6.2.5.Final
2023-07-07T21:27:57.219+02:00  INFO 28613 --- [    Test worker] org.hibernate.cfg.Environment            : HHH000406: Using bytecode reflection optimizer
2023-07-07T21:27:57.384+02:00  INFO 28613 --- [    Test worker] o.h.b.i.BytecodeProviderInitiator        : HHH000021: Bytecode provider name : bytebuddy
2023-07-07T21:27:57.506+02:00  INFO 28613 --- [    Test worker] o.s.o.j.p.SpringPersistenceUnitInfo      : No LoadTimeWeaver setup: ignoring JPA class transformer
2023-07-07T21:27:57.756+02:00  INFO 28613 --- [    Test worker] o.h.b.i.BytecodeProviderInitiator        : HHH000021: Bytecode provider name : bytebuddy
2023-07-07T21:27:58.396+02:00  INFO 28613 --- [    Test worker] o.h.e.t.j.p.i.JtaPlatformInitiator       : HHH000490: Using JtaPlatform implementation: [org.hibernate.engine.transaction.jta.platform.internal.NoJtaPlatform]
2023-07-07T21:27:58.443+02:00  INFO 28613 --- [    Test worker] j.LocalContainerEntityManagerFactoryBean : Initialized JPA EntityManagerFactory for persistence unit 'default'
2023-07-07T21:27:59.179+02:00  WARN 28613 --- [    Test worker] JpaBaseConfiguration$JpaWebConfiguration : spring.jpa.open-in-view is enabled by default. Therefore, database queries may be performed during view rendering. Explicitly configure spring.jpa.open-in-view to disable this warning
2023-07-07T21:27:59.802+02:00  INFO 28613 --- [    Test worker] c.e.health.HealthDataApplicationTests    : Started HealthDataApplicationTests in 4.918 seconds (process running for 6.241)
]]></system-out>
  <system-err><![CDATA[]]></system-err>
</testsuite>
